<?xml version="1.0" encoding="UTF-8"?>
<testsuite xmlns:xsi="http://www.w3.org/2001/XMLSchema-instance" xsi:noNamespaceSchemaLocation="https://maven.apache.org/surefire/maven-surefire-plugin/xsd/surefire-test-report.xsd" version="3.0.2" name="com.orion.computationalplatform.simulation.core.GenericSimulationEngineTest" time="0.121" tests="18" errors="0" skipped="0" failures="0">
  <properties>
[...]
</properties>
  <testcase name="testSeparateTimestampsFormSeparateBatches" classname="com.orion.computationalplatform.simulation.core.GenericSimulationEngineTest" time="0.029"/>
  <testcase name="testDurationCutoffExcludesLateEvents" classname="com.orion.computationalplatform.simulation.core.GenericSimulationEngineTest" time="0.005"/>
  <testcase name="testBroadcastEventReachesAllEntities" classname="com.orion.computationalplatform.simulation.core.GenericSimulationEngineTest" time="0.003"/>
  <testcase name="testMixedBroadcastAndTargetedInSameBatch" classname="com.orion.computationalplatform.simulation.core.GenericSimulationEngineTest" time="0.006"/>
  <testcase name="testTargetedEventReachesOnlyTarget" classname="com.orion.computationalplatform.simulation.core.GenericSimulationEngineTest" time="0.004"/>
  <testcase name="testScopedValueCurrentTimeIsBoundAndCorrect" classname="com.orion.computationalplatform.simulation.core.GenericSimulationEngineTest" time="0.001"/>
  <testcase name="testShutdownCompletesCurrentBatchThenStops" classname="com.orion.computationalplatform.simulation.core.GenericSimulationEngineTest" time="0.002"/>
  <testcase name="testMultipleBroadcastEventsEachReachAllEntities" classname="com.orion.computationalplatform.simulation.core.GenericSimulationEngineTest" time="0.002"/>
  <testcase name="testRunOnEmptyQueueReturnsImmediately" classname="com.orion.computationalplatform.simulation.core.GenericSimulationEngineTest" time="0.002"/>
  <testcase name="testRunReturnsCleanlyAfterShutdown" classname="com.orion.computationalplatform.simulation.core.GenericSimulationEngineTest" time="0.002"/>
  <testcase name="testCurrentTimeAdvancesMonotonically" classname="com.orion.computationalplatform.simulation.core.GenericSimulationEngineTest" time="0.002"/>
  <testcase name="testScopedValueNotLeakedToCallingThread" classname="com.orion.computationalplatform.simulation.core.GenericSimulationEngineTest" time="0.0"/>
  <testcase name="testAutoCloseable" classname="com.orion.computationalplatform.simulation.core.GenericSimulationEngineTest" time="0.001"/>
  <testcase name="testChronologicalOrder" classname="com.orion.computationalplatform.simulation.core.GenericSimulationEngineTest" time="0.001"/>
  <testcase name="testTargetedEventToUnknownIdIsIgnored" classname="com.orion.computationalplatform.simulation.core.GenericSimulationEngineTest" time="0.001"/>
  <testcase name="testAllEntitiesInBatchObserveSameTimestamp" classname="com.orion.computationalplatform.simulation.core.GenericSimulationEngineTest" time="0.001"/>
  <testcase name="testVirtualThreadConcurrentExecution" classname="com.orion.computationalplatform.simulation.core.GenericSimulationEngineTest" time="0.041">
    <system-err><![CDATA[Apr 22, 2026 4:20:53 PM sun.util.locale.provider.LocaleProviderAdapter <clinit>
INFO: Invalid locale provider adapter "COMPAT" ignored.
Apr 22, 2026 4:20:53 PM sun.util.locale.provider.LocaleProviderAdapter <clinit>
WARNING: COMPAT locale provider has been removed
]]></system-err>
  </testcase>
  <testcase name="testEventAtExactDurationBoundaryIsDispatched" classname="com.orion.computationalplatform.simulation.core.GenericSimulationEngineTest" time="0.001"/>
</testsuite>