<?xml version="1.0" encoding="UTF-8"?>
<testsuite xmlns:xsi="http://www.w3.org/2001/XMLSchema-instance" xsi:noNamespaceSchemaLocation="https://maven.apache.org/surefire/maven-surefire-plugin/xsd/surefire-test-report.xsd" version="3.0.2" name="com.orion.computationalplatform.simulation.core.ProjectileSimulationEngineTest" time="0.038" tests="2" errors="0" skipped="0" failures="0">
  <properties>
[...]
</properties>
  <testcase name="testProjectileMidAir" classname="com.orion.computationalplatform.simulation.core.ProjectileSimulationEngineTest" time="0.029">
    <system-out><![CDATA[[0 ms] ball-2: Height = 99.90m, Velocity = -0.98m/s
[100 ms] ball-2: Height = 99.71m, Velocity = -1.96m/s
[200 ms] ball-2: Height = 99.41m, Velocity = -2.94m/s
[300 ms] ball-2: Height = 99.02m, Velocity = -3.92m/s
[400 ms] ball-2: Height = 98.53m, Velocity = -4.91m/s
[500 ms] ball-2: Height = 97.94m, Velocity = -5.89m/s
[600 ms] ball-2: Height = 97.25m, Velocity = -6.87m/s
[700 ms] ball-2: Height = 96.47m, Velocity = -7.85m/s
[800 ms] ball-2: Height = 95.59m, Velocity = -8.83m/s
[900 ms] ball-2: Height = 94.60m, Velocity = -9.81m/s
[1000 ms] ball-2: Height = 93.53m, Velocity = -10.79m/s
]]></system-out>
    <system-err><![CDATA[Apr 22, 2026 2:50:32 PM sun.util.locale.provider.LocaleProviderAdapter <clinit>
INFO: Invalid locale provider adapter "COMPAT" ignored.
Apr 22, 2026 2:50:32 PM sun.util.locale.provider.LocaleProviderAdapter <clinit>
WARNING: COMPAT locale provider has been removed
]]></system-err>
  </testcase>
  <testcase name="testProjectileFalling" classname="com.orion.computationalplatform.simulation.core.ProjectileSimulationEngineTest" time="0.008">
    <system-out><![CDATA[[0 ms] ball-1: Height = 49.90m, Velocity = -0.98m/s
[100 ms] ball-1: Height = 49.71m, Velocity = -1.96m/s
[200 ms] ball-1: Height = 49.41m, Velocity = -2.94m/s
[300 ms] ball-1: Height = 49.02m, Velocity = -3.92m/s
[400 ms] ball-1: Height = 48.53m, Velocity = -4.91m/s
[500 ms] ball-1: Height = 47.94m, Velocity = -5.89m/s
[600 ms] ball-1: Height = 47.25m, Velocity = -6.87m/s
[700 ms] ball-1: Height = 46.47m, Velocity = -7.85m/s
[800 ms] ball-1: Height = 45.59m, Velocity = -8.83m/s
[900 ms] ball-1: Height = 44.60m, Velocity = -9.81m/s
[1000 ms] ball-1: Height = 43.53m, Velocity = -10.79m/s
[1100 ms] ball-1: Height = 42.35m, Velocity = -11.77m/s
[1200 ms] ball-1: Height = 41.07m, Velocity = -12.75m/s
[1300 ms] ball-1: Height = 39.70m, Velocity = -13.73m/s
[1400 ms] ball-1: Height = 38.23m, Velocity = -14.72m/s
[1500 ms] ball-1: Height = 36.66m, Velocity = -15.70m/s
[1600 ms] ball-1: Height = 34.99m, Velocity = -16.68m/s
[1700 ms] ball-1: Height = 33.22m, Velocity = -17.66m/s
[1800 ms] ball-1: Height = 31.36m, Velocity = -18.64m/s
[1900 ms] ball-1: Height = 29.40m, Velocity = -19.62m/s
[2000 ms] ball-1: Height = 27.34m, Velocity = -20.60m/s
[2100 ms] ball-1: Height = 25.18m, Velocity = -21.58m/s
[2200 ms] ball-1: Height = 22.92m, Velocity = -22.56m/s
[2300 ms] ball-1: Height = 20.57m, Velocity = -23.54m/s
[2400 ms] ball-1: Height = 18.12m, Velocity = -24.53m/s
[2500 ms] ball-1: Height = 15.57m, Velocity = -25.51m/s
[2600 ms] ball-1: Height = 12.92m, Velocity = -26.49m/s
[2700 ms] ball-1: Height = 10.17m, Velocity = -27.47m/s
[2800 ms] ball-1: Height = 7.33m, Velocity = -28.45m/s
[2900 ms] ball-1: Height = 4.38m, Velocity = -29.43m/s
[3000 ms] ball-1: Height = 1.34m, Velocity = -30.41m/s
[3100 ms] ball-1: Height = 0.00m, Velocity = -31.39m/s
]]></system-out>
  </testcase>
</testsuite>